<?xml version="1.0" encoding="UTF-8"?>
<!-- Generated by org.testng.reporters.JUnitReportReporter -->
<testsuite skipped="0" hostname="Naumans-PC" name="com.herokuapp.theinternet.testsuite.LoginPageTest" tests="3" failures="0" timestamp="2022-12-13T21:55:44 GMT" time="10.641" errors="0">
  <testcase name="verifyTheUsernameErrorMessage" time="4.372" classname="com.herokuapp.theinternet.testsuite.LoginPageTest"/>
  <system-out>
    <![CDATA[Enter user name tomsmith1 to username field [[ChromeDriver: chrome on WINDOWS (603208e6faa4e49fff08386de9b2e379)] -> xpath: //input[@id='username']]
Enter user SuperSecretPassword! to password field [[ChromeDriver: chrome on WINDOWS (603208e6faa4e49fff08386de9b2e379)] -> name: password]
Click on Login Button [[ChromeDriver: chrome on WINDOWS (603208e6faa4e49fff08386de9b2e379)] -> css selector: i[class='fa fa-2x fa-sign-in']]
The error message is [[ChromeDriver: chrome on WINDOWS (603208e6faa4e49fff08386de9b2e379)] -> xpath: //div[1]/div/div|/text()]
Click to see screenshot
<a target = "_blank" href=C:\Users\nik_7\IdeaProjects\project6-herokuapp-pagefactory-nauman/test-output/html/verifyTheUsernameErrorMessageTue_Dec_13_21_55_43_GMT_2022.jpg>Screenshot</a>
<br>
<br>
<a target = "_blank" href=C:\Users\nik_7\IdeaProjects\project6-herokuapp-pagefactory-nauman/test-output/html/verifyTheUsernameErrorMessageTue_Dec_13_21_55_43_GMT_2022.jpg><img src=C:\Users\nik_7\IdeaProjects\project6-herokuapp-pagefactory-nauman/test-output/html/verifyTheUsernameErrorMessageTue_Dec_13_21_55_43_GMT_2022.jpg height=200 width=200></img></a>]]>
  </system-out>
  <testcase name="verifyThePasswordErrorMessage" time="3.182" classname="com.herokuapp.theinternet.testsuite.LoginPageTest"/>
  <system-out>
    <![CDATA[Enter user name tomsmith to username field [[ChromeDriver: chrome on WINDOWS (9aaea34f1cc1432fc678de285f5986c0)] -> xpath: //input[@id='username']]
Enter user SuperSecretPassword to password field [[ChromeDriver: chrome on WINDOWS (9aaea34f1cc1432fc678de285f5986c0)] -> name: password]
Click on Login Button [[ChromeDriver: chrome on WINDOWS (9aaea34f1cc1432fc678de285f5986c0)] -> css selector: i[class='fa fa-2x fa-sign-in']]
The error message is [[ChromeDriver: chrome on WINDOWS (9aaea34f1cc1432fc678de285f5986c0)] -> xpath: //div[1]/div/div|/text()]
Click to see screenshot
<a target = "_blank" href=C:\Users\nik_7\IdeaProjects\project6-herokuapp-pagefactory-nauman/test-output/html/verifyThePasswordErrorMessageTue_Dec_13_21_55_40_GMT_2022.jpg>Screenshot</a>
<br>
<br>
<a target = "_blank" href=C:\Users\nik_7\IdeaProjects\project6-herokuapp-pagefactory-nauman/test-output/html/verifyThePasswordErrorMessageTue_Dec_13_21_55_40_GMT_2022.jpg><img src=C:\Users\nik_7\IdeaProjects\project6-herokuapp-pagefactory-nauman/test-output/html/verifyThePasswordErrorMessageTue_Dec_13_21_55_40_GMT_2022.jpg height=200 width=200></img></a>]]>
  </system-out>
  <testcase name="userShouldLoginSuccessfullyWithValidCredentials" time="3.087" classname="com.herokuapp.theinternet.testsuite.LoginPageTest"/>
  <system-out>
    <![CDATA[Enter user name tomsmith to username field [[ChromeDriver: chrome on WINDOWS (94c2b9220c79b45b7790498ff213dd9b)] -> xpath: //input[@id='username']]
Enter user SuperSecretPassword! to password field [[ChromeDriver: chrome on WINDOWS (94c2b9220c79b45b7790498ff213dd9b)] -> name: password]
Click on Login Button [[ChromeDriver: chrome on WINDOWS (94c2b9220c79b45b7790498ff213dd9b)] -> css selector: i[class='fa fa-2x fa-sign-in']]
Verification Text is [[ChromeDriver: chrome on WINDOWS (94c2b9220c79b45b7790498ff213dd9b)] -> xpath: //h2[text() =' Secure Area']]
Click to see screenshot
<a target = "_blank" href=C:\Users\nik_7\IdeaProjects\project6-herokuapp-pagefactory-nauman/test-output/html/userShouldLoginSuccessfullyWithValidCredentialsTue_Dec_13_21_55_36_GMT_2022.jpg>Screenshot</a>
<br>
<br>
<a target = "_blank" href=C:\Users\nik_7\IdeaProjects\project6-herokuapp-pagefactory-nauman/test-output/html/userShouldLoginSuccessfullyWithValidCredentialsTue_Dec_13_21_55_36_GMT_2022.jpg><img src=C:\Users\nik_7\IdeaProjects\project6-herokuapp-pagefactory-nauman/test-output/html/userShouldLoginSuccessfullyWithValidCredentialsTue_Dec_13_21_55_36_GMT_2022.jpg height=200 width=200></img></a>]]>
  </system-out>
</testsuite> <!-- com.herokuapp.theinternet.testsuite.LoginPageTest -->
